<?xml version="1.0" encoding="UTF-8"?>
<testsuite xmlns:xsi="http://www.w3.org/2001/XMLSchema-instance" xsi:noNamespaceSchemaLocation="https://maven.apache.org/surefire/maven-surefire-plugin/xsd/surefire-test-report.xsd" version="3.0.2" name="FutureMsgBusMicroSerTest" time="1.488" tests="5" errors="0" skipped="0" failures="0">
  <properties>
    <property name="java.specification.version" value="17"/>
    <property name="sun.cpu.isalist" value="amd64"/>
    <property name="sun.jnu.encoding" value="Cp1255"/>
    <property name="java.class.path" value="C:\Users\alona\SPL2\target\test-classes;C:\Users\alona\SPL2\target\classes;C:\Users\alona\.m2\repository\com\google\code\gson\gson\2.11.0\gson-2.11.0.jar;C:\Users\alona\.m2\repository\com\google\errorprone\error_prone_annotations\2.27.0\error_prone_annotations-2.27.0.jar;C:\Users\alona\.m2\repository\org\junit\jupiter\junit-jupiter-api\5.11.4\junit-jupiter-api-5.11.4.jar;C:\Users\alona\.m2\repository\org\opentest4j\opentest4j\1.3.0\opentest4j-1.3.0.jar;C:\Users\alona\.m2\repository\org\junit\platform\junit-platform-commons\1.11.4\junit-platform-commons-1.11.4.jar;C:\Users\alona\.m2\repository\org\apiguardian\apiguardian-api\1.1.2\apiguardian-api-1.1.2.jar;C:\Users\alona\.m2\repository\org\junit\jupiter\junit-jupiter-engine\5.11.4\junit-jupiter-engine-5.11.4.jar;C:\Users\alona\.m2\repository\org\junit\platform\junit-platform-engine\1.11.4\junit-platform-engine-1.11.4.jar;C:\Users\alona\.m2\repository\org\json\json\20210307\json-20210307.jar;"/>
    <property name="java.vm.vendor" value="Oracle Corporation"/>
    <property name="sun.arch.data.model" value="64"/>
    <property name="user.variant" value=""/>
    <property name="java.vendor.url" value="https://java.oracle.com/"/>
    <property name="user.timezone" value="Asia/Jerusalem"/>
    <property name="os.name" value="Windows 11"/>
    <property name="java.vm.specification.version" value="17"/>
    <property name="user.country" value="IL"/>
    <property name="sun.java.launcher" value="SUN_STANDARD"/>
    <property name="sun.boot.library.path" value="C:\Program Files\Java\jdk-17\bin"/>
    <property name="sun.java.command" value="C:\Users\alona\AppData\Local\Temp\surefire13922238308000272466\surefirebooter-20250104151226882_3.jar C:\Users\alona\AppData\Local\Temp\surefire13922238308000272466 2025-01-04T15-12-26_609-jvmRun1 surefire-20250104151226882_1tmp surefire_0-20250104151226882_2tmp"/>
    <property name="jdk.debug" value="release"/>
    <property name="test" value="FutureMsgBusMicroSerTest"/>
    <property name="surefire.test.class.path" value="C:\Users\alona\SPL2\target\test-classes;C:\Users\alona\SPL2\target\classes;C:\Users\alona\.m2\repository\com\google\code\gson\gson\2.11.0\gson-2.11.0.jar;C:\Users\alona\.m2\repository\com\google\errorprone\error_prone_annotations\2.27.0\error_prone_annotations-2.27.0.jar;C:\Users\alona\.m2\repository\org\junit\jupiter\junit-jupiter-api\5.11.4\junit-jupiter-api-5.11.4.jar;C:\Users\alona\.m2\repository\org\opentest4j\opentest4j\1.3.0\opentest4j-1.3.0.jar;C:\Users\alona\.m2\repository\org\junit\platform\junit-platform-commons\1.11.4\junit-platform-commons-1.11.4.jar;C:\Users\alona\.m2\repository\org\apiguardian\apiguardian-api\1.1.2\apiguardian-api-1.1.2.jar;C:\Users\alona\.m2\repository\org\junit\jupiter\junit-jupiter-engine\5.11.4\junit-jupiter-engine-5.11.4.jar;C:\Users\alona\.m2\repository\org\junit\platform\junit-platform-engine\1.11.4\junit-platform-engine-1.11.4.jar;C:\Users\alona\.m2\repository\org\json\json\20210307\json-20210307.jar;"/>
    <property name="sun.cpu.endian" value="little"/>
    <property name="user.home" value="C:\Users\alona"/>
    <property name="user.language" value="he"/>
    <property name="java.specification.vendor" value="Oracle Corporation"/>
    <property name="java.version.date" value="2023-10-17"/>
    <property name="java.home" value="C:\Program Files\Java\jdk-17"/>
    <property name="file.separator" value="\"/>
    <property name="basedir" value="C:\Users\alona\SPL2"/>
    <property name="java.vm.compressedOopsMode" value="Zero based"/>
    <property name="line.separator" value="&#10;"/>
    <property name="java.vm.specification.vendor" value="Oracle Corporation"/>
    <property name="java.specification.name" value="Java Platform API Specification"/>
    <property name="surefire.real.class.path" value="C:\Users\alona\AppData\Local\Temp\surefire13922238308000272466\surefirebooter-20250104151226882_3.jar"/>
    <property name="user.script" value=""/>
    <property name="sun.management.compiler" value="HotSpot 64-Bit Tiered Compilers"/>
    <property name="java.runtime.version" value="17.0.9+11-LTS-201"/>
    <property name="user.name" value="alona"/>
    <property name="path.separator" value=";"/>
    <property name="os.version" value="10.0"/>
    <property name="java.runtime.name" value="Java(TM) SE Runtime Environment"/>
    <property name="file.encoding" value="Cp1255"/>
    <property name="java.vm.name" value="Java HotSpot(TM) 64-Bit Server VM"/>
    <property name="maven.ext.class.path" value="C:\Users\alona\.vscode\extensions\oracle.oracle-java-23.0.1\nbcode\java\maven-nblib\netbeans-eventspy.jar"/>
    <property name="localRepository" value="C:\Users\alona\.m2\repository"/>
    <property name="java.vendor.url.bug" value="https://bugreport.java.com/bugreport/"/>
    <property name="java.io.tmpdir" value="C:\Users\alona\AppData\Local\Temp\"/>
    <property name="java.version" value="17.0.9"/>
    <property name="user.dir" value="C:\Users\alona\SPL2"/>
    <property name="os.arch" value="amd64"/>
    <property name="java.vm.specification.name" value="Java Virtual Machine Specification"/>
    <property name="sun.os.patch.level" value=""/>
    <property name="native.encoding" value="Cp1255"/>
    <property name="java.library.path" value="C:\Program Files\Java\jdk-17\bin;C:\windows\Sun\Java\bin;C:\windows\system32;C:\windows;C:\Program Files\Common Files\Oracle\Java\javapath;C:\windows\system32;C:\windows;C:\windows\System32\Wbem;C:\windows\System32\WindowsPowerShell\v1.0\;C:\windows\System32\OpenSSH\;C:\Program Files\Docker\Docker\resources\bin;C:\Program Files\Git\cmd;C:\Users\alona\AppData\Local\Microsoft\WindowsApps;C:\Users\alona\AppData\Local\Programs\Microsoft VS Code\bin;."/>
    <property name="java.vm.info" value="mixed mode, sharing"/>
    <property name="java.vendor" value="Oracle Corporation"/>
    <property name="java.vm.version" value="17.0.9+11-LTS-201"/>
    <property name="sun.io.unicode.encoding" value="UnicodeLittle"/>
    <property name="java.class.version" value="61.0"/>
  </properties>
  <testcase name="subsribeEventGeneralTest" classname="FutureMsgBusMicroSerTest" time="0.133">
    <system-out><![CDATA[subsribeEventGeneralTest has started
event number 1 subscribers:
TestMicroService1_1subscribed to FutureMsgBusMicroSerTest$TestEvent1
TestMicroService1_2subscribed to FutureMsgBusMicroSerTest$TestEvent1
TestMicroService2_1subscribed to FutureMsgBusMicroSerTest$TestEvent1
TestMicroService2_2subscribed to FutureMsgBusMicroSerTest$TestEvent1

event number 2 subscribers:
TestMicroService1_1subscribed to FutureMsgBusMicroSerTest$TestEvent2
TestMicroService1_2subscribed to FutureMsgBusMicroSerTest$TestEvent2
TestMicroService2_1subscribed to FutureMsgBusMicroSerTest$TestEvent2
TestMicroService2_2subscribed to FutureMsgBusMicroSerTest$TestEvent2

event number 3 subscribers:
TestMicroService1_1subscribed to FutureMsgBusMicroSerTest$terminate
TestMicroService1_2subscribed to FutureMsgBusMicroSerTest$terminate
TestMicroService2_1subscribed to FutureMsgBusMicroSerTest$terminate
TestMicroService2_2subscribed to FutureMsgBusMicroSerTest$terminate

broadcast number 1 subscribers:
TestMicroService1_1subscribed to FutureMsgBusMicroSerTest$TestBroadcast1
TestMicroService1_2subscribed to FutureMsgBusMicroSerTest$TestBroadcast1
TestMicroService2_1subscribed to FutureMsgBusMicroSerTest$TestBroadcast1
TestMicroService2_2subscribed to FutureMsgBusMicroSerTest$TestBroadcast1

broadcast number 2 subscribers:
TestMicroService1_1subscribed to FutureMsgBusMicroSerTest$TestBroadcast2
TestMicroService1_2subscribed to FutureMsgBusMicroSerTest$TestBroadcast2
TestMicroService2_1subscribed to FutureMsgBusMicroSerTest$TestBroadcast2
TestMicroService2_2subscribed to FutureMsgBusMicroSerTest$TestBroadcast2

subsribeEventGeneralTest has finished
]]></system-out>
  </testcase>
  <testcase name="registeredANDUnregisteredGeneralTest" classname="FutureMsgBusMicroSerTest" time="0.057">
    <system-out><![CDATA[registeredGeneralTest has started
TestMicroService1_1 registered
TestMicroService1_2 registered
TestMicroService2_1 registered
TestMicroService2_2 registered
TestMicroService1_1 registered
contains key TestMicroService1_1
TestMicroService1_1 registered
registeredGeneralTest has finished
]]></system-out>
  </testcase>
  <testcase name="isRoundRobinTest" classname="FutureMsgBusMicroSerTest" time="0.081">
    <system-out><![CDATA[isRoundRobinTest has started
TestMicroService1_1 received TestEvent1: Event0
TestMicroService1_2 received TestEvent1: Event1
TestMicroService2_2 received TestEvent1: Event3
TestMicroService1_1 received TestEvent1: Event4
TestMicroService1_2 received TestEvent1: Event5
TestMicroService2_1 received TestEvent1: Event2
TestMicroService1_1 received TestEvent1: Event8
TestMicroService2_2 received TestEvent1: Event7
TestMicroService2_2 received TestEvent1: Event11
TestMicroService1_2 received TestEvent1: Event9
TestMicroService2_1 received TestEvent1: Event6
TestMicroService2_1 received TestEvent1: Event10
TestMicroService1_1 received TestEvent1: Event12
TestMicroService1_2 received TestEvent1: Event13
TestMicroService2_2 received TestEvent1: Event15
TestMicroService1_1 received TestEvent1: Event16
TestMicroService1_2 received TestEvent1: Event17
TestMicroService1_1 received TestEvent1: Event20
TestMicroService2_2 received TestEvent1: Event19
TestMicroService1_2 received TestEvent1: Event21
TestMicroService2_1 received TestEvent1: Event14
TestMicroService2_2 received TestEvent1: Event23
TestMicroService2_1 received TestEvent1: Event18
TestMicroService2_1 received TestEvent1: Event22
TestMicroService1_1 received TestEvent1: ExtraEvent1
TestMicroService1_2 received TestEvent1: ExtraEvent2
isRoundRobinTest has finished
]]></system-out>
  </testcase>
  <testcase name="sendEventANDBroadcastTest" classname="FutureMsgBusMicroSerTest" time="0.101">
    <system-out><![CDATA[sendEventANDBroadcastTest has started
TestMicroService1_1 received TestEvent2: One EVENT sent to one microservice
TestMicroService1_2 handled Broadcast 1: 
TestMicroService2_2 handled Broadcast 1: 
TestMicroService2_1 handled Broadcast 1: 
TestMicroService1_1 handled Broadcast 1: 
TestMicroService1_1 received TestBroadcast1
TestMicroService1_2 received TestBroadcast1
TestMicroService2_1 received TestBroadcast1
TestMicroService2_2 received TestBroadcast1
TestMicroService1_1 received terminate: terminate1
TestMicroService1_2 received terminate: terminate2
TestMicroService2_1 received terminate: terminate3
TestMicroService2_2 received terminate: terminate4
sendEventANDBroadcastTest has finished
]]></system-out>
  </testcase>
  <testcase name="awaitMessageTest" classname="FutureMsgBusMicroSerTest" time="1.061">
    <system-out><![CDATA[awaitMessageTest has started
TestMicroServiceAwait handled Broadcast 2: Test Event for awaitMessage
TestMicroServiceAwait received terminate: terminate
awaitMessageTest has finished
]]></system-out>
  </testcase>
</testsuite>